<?xml version="1.0" encoding="utf-8"?><testsuites><testsuite name="pytest" errors="0" failures="0" skipped="0" tests="11" time="0.045" timestamp="2023-02-18T19:44:04.229318" hostname="EN1410428"><testcase classname="tests.test_accum" name="test_accumulator_init" time="0.001" /><testcase classname="tests.test_accum" name="test_accumulator_add_one" time="0.001" /><testcase classname="tests.test_accum" name="test_accumulator_add_three" time="0.001" /><testcase classname="tests.test_accum" name="test_accumulator_add_twice" time="0.001" /><testcase classname="tests.test_accum" name="test_accumulator_cannot_set_count_directly" time="0.001" /><testcase classname="tests.test_math" name="test_one_plus_one" time="0.001" /><testcase classname="tests.test_math" name="test_one_plus_two" time="0.001" /><testcase classname="tests.test_math" name="test_divide_by_zero" time="0.001" /><testcase classname="tests.test_math" name="test_multiply_two_positive_ints" time="0.000" /><testcase classname="tests.test_math" name="test_multiply_identitty" time="0.000" /><testcase classname="tests.test_math" name="test_multiply_zero" time="0.000" /></testsuite></testsuites>